<?xml version="1.0" encoding="UTF-8"?>
<!-- Generated by org.testng.reporters.JUnitReportReporter -->
<testsuite hostname="LAPTOP-TBFR03AS" failures="0" tests="1" name="Tests.FirstTest" time="11.858" errors="0" timestamp="2024-12-10T14:14:39 MYT" skipped="0">
  <testcase classname="Tests.FirstTest" name="rateCalculatorTest" time="11.858"/>
  <system-out/>
</testsuite> <!-- Tests.FirstTest -->
