<?xml version="1.0" encoding="UTF-8"?>
<!-- Generated by org.testng.reporters.JUnitReportReporter -->
<testsuite hostname="LAPTOP-TBFR03AS" failures="0" tests="4" name="Tests.CalculatorTest" time="21.581" errors="0" timestamp="27 Oct 2024 10:04:39 GMT" skipped="0">
  <testcase classname="Tests.CalculatorTest" name="AdditionTest" time="5.419"/>
  <testcase classname="Tests.CalculatorTest" name="SubtractionTest" time="5.455"/>
  <testcase classname="Tests.CalculatorTest" name="MultiplicationTest" time="6.256"/>
  <testcase classname="Tests.CalculatorTest" name="DivisionTest" time="4.451"/>
</testsuite> <!-- Tests.CalculatorTest -->
