<?xml version="1.0" encoding="UTF-8"?>
<!-- Generated by org.testng.reporters.JUnitReportReporter -->
<testsuite hostname="LAPTOP-TBFR03AS" failures="0" tests="1" name="Tests.RateCalculatorTest" time="4.624" errors="0" timestamp="2024-12-10T17:04:22 MYT" skipped="0">
  <testcase classname="Tests.RateCalculatorTest" name="rateCalculatorTest" time="4.624"/>
  <system-out/>
</testsuite> <!-- Tests.RateCalculatorTest -->
